2012/10/24 16:28:51 [error] [exception.CHttpException.403] exception 'CHttpException' with message 'You are not authorized to perform this action.' in /home/kxxb/Develop/www/rrb/SYS/yii/framework/web/auth/CAccessControlFilter.php:170
Stack trace:
#0 /home/kxxb/Develop/www/rrb/SYS/yii/framework/web/auth/CAccessControlFilter.php(133): CAccessControlFilter->accessDenied(Object(CWebUser), 'You are not aut...')
#1 /home/kxxb/Develop/www/rrb/SYS/yii/framework/web/filters/CFilter.php(39): CAccessControlFilter->preFilter(Object(CFilterChain))
#2 /home/kxxb/Develop/www/rrb/SYS/yii/framework/web/CController.php(1146): CFilter->filter(Object(CFilterChain))
#3 /home/kxxb/Develop/www/rrb/SYS/yii/framework/web/filters/CInlineFilter.php(59): CController->filterAccessControl(Object(CFilterChain))
#4 /home/kxxb/Develop/www/rrb/SYS/yii/framework/web/filters/CFilterChain.php(131): CInlineFilter->filter(Object(CFilterChain))
#5 /home/kxxb/Develop/www/rrb/SYS/yii/framework/web/CController.php(292): CFilterChain->run()
#6 /home/kxxb/Develop/www/rrb/SYS/yii/framework/web/CController.php(266): CController->runActionWithFilters(Object(CInlineAction), Array)
#7 /home/kxxb/Develop/www/rrb/SYS/yii/framework/web/CWebApplication.php(283): CController->run('admin')
#8 /home/kxxb/Develop/www/rrb/SYS/yii/framework/web/CWebApplication.php(142): CWebApplication->runController('rrbTemporaryLoa...')
#9 /home/kxxb/Develop/www/rrb/SYS/yii/framework/base/CApplication.php(162): CWebApplication->processRequest()
#10 /home/kxxb/Develop/www/rrb/rrb_yii/index.php(13): CApplication->run()
#11 {main}
REQUEST_URI=/rrb/rrb_yii/index.php?r=rrbTemporaryLoad/admin
HTTP_REFERER=http://localhost/rrb/rrb_yii/index.php?r=site/login
---
2012/10/24 16:36:34 [error] [exception.CHttpException.404] exception 'CHttpException' with message 'Unable to resolve the request "RrbTemporaryLoadController".' in /home/kxxb/Develop/www/rrb/SYS/yii/framework/web/CWebApplication.php:287
Stack trace:
#0 /home/kxxb/Develop/www/rrb/SYS/yii/framework/web/CWebApplication.php(142): CWebApplication->runController('')
#1 /home/kxxb/Develop/www/rrb/SYS/yii/framework/base/CApplication.php(162): CWebApplication->processRequest()
#2 /home/kxxb/Develop/www/rrb/rrb_yii/index.php(13): CApplication->run()
#3 {main}
REQUEST_URI=/rrb/rrb_yii/index.php
---
2013/01/29 09:58:43 [error] [exception.CDbException] exception 'CDbException' with message 'CDbConnection failed to open the DB connection: SQLSTATE[28000] [1045] Access denied for user 'root'@'localhost' (using password: NO)' in /var/www/kxxb/rrb/SYS/yii/framework/db/CDbConnection.php:382
Stack trace:
#0 /var/www/kxxb/rrb/SYS/yii/framework/db/CDbConnection.php(331): CDbConnection->open()
#1 /var/www/kxxb/rrb/SYS/yii/framework/db/CDbConnection.php(309): CDbConnection->setActive(true)
#2 /var/www/kxxb/rrb/SYS/yii/framework/base/CModule.php(388): CDbConnection->init()
#3 /var/www/kxxb/rrb/SYS/yii/framework/base/CApplication.php(431): CModule->getComponent('db')
#4 /var/www/kxxb/rrb/SYS/yii/framework/db/ar/CActiveRecord.php(624): CApplication->getDb()
#5 /var/www/kxxb/rrb/SYS/yii/framework/db/ar/CActiveRecord.php(2311): CActiveRecord->getDbConnection()
#6 /var/www/kxxb/rrb/SYS/yii/framework/db/ar/CActiveRecord.php(388): CActiveRecordMetaData->__construct(Object(RrbZooElemetns))
#7 /var/www/kxxb/rrb/SYS/yii/framework/db/ar/CActiveRecord.php(403): CActiveRecord::model('RrbZooElemetns')
#8 /var/www/kxxb/rrb/SYS/yii/framework/db/ar/CActiveRecord.php(78): CActiveRecord->getMetaData()
#9 /var/www/kxxb/rrb/rrb_yii/protected/controllers/RrbZooElemetnsController.php(136): CActiveRecord->__construct('search')
#10 /var/www/kxxb/rrb/SYS/yii/framework/web/actions/CInlineAction.php(50): RrbZooElemetnsController->actionAdmin()
#11 /var/www/kxxb/rrb/SYS/yii/framework/web/CController.php(309): CInlineAction->runWithParams(Array)
#12 /var/www/kxxb/rrb/SYS/yii/framework/web/filters/CFilterChain.php(134): CController->runAction(Object(CInlineAction))
#13 /var/www/kxxb/rrb/SYS/yii/framework/web/filters/CFilter.php(41): CFilterChain->run()
#14 /var/www/kxxb/rrb/SYS/yii/framework/web/CController.php(1146): CFilter->filter(Object(CFilterChain))
#15 /var/www/kxxb/rrb/SYS/yii/framework/web/filters/CInlineFilter.php(59): CController->filterAccessControl(Object(CFilterChain))
#16 /var/www/kxxb/rrb/SYS/yii/framework/web/filters/CFilterChain.php(131): CInlineFilter->filter(Object(CFilterChain))
#17 /var/www/kxxb/rrb/SYS/yii/framework/web/CController.php(292): CFilterChain->run()
#18 /var/www/kxxb/rrb/SYS/yii/framework/web/CController.php(266): CController->runActionWithFilters(Object(CInlineAction), Array)
#19 /var/www/kxxb/rrb/SYS/yii/framework/web/CWebApplication.php(283): CController->run('admin')
#20 /var/www/kxxb/rrb/SYS/yii/framework/web/CWebApplication.php(142): CWebApplication->runController('rrbZooElemetns/...')
#21 /var/www/kxxb/rrb/SYS/yii/framework/base/CApplication.php(162): CWebApplication->processRequest()
#22 /var/www/kxxb/rrb/rrb_yii/index.php(13): CApplication->run()
#23 {main}
REQUEST_URI=/rrb_yii/index.php?r=rrbZooElemetns/admin
HTTP_REFERER=http://rrb.bestmakers.ru/rrb_yii/index.php?r=site/login
---
2013/01/29 09:59:35 [error] [system.db.CDbCommand] CDbCommand::fetchAll() failed: SQLSTATE[42S02]: Base table or view not found: 1146 Table 'rrb.rrb_zoo_elemetns' doesn't exist. The SQL statement executed was: SHOW COLUMNS FROM `rrb_zoo_elemetns`.
in /var/www/kxxb/rrb/rrb_yii/protected/controllers/RrbZooElemetnsController.php (136)
in /var/www/kxxb/rrb/rrb_yii/index.php (13)
2013/01/29 09:59:35 [error] [exception.CDbException] exception 'CDbException' with message 'The table "rrb_zoo_elemetns" for active record class "RrbZooElemetns" cannot be found in the database.' in /var/www/kxxb/rrb/SYS/yii/framework/db/ar/CActiveRecord.php:2312
Stack trace:
#0 /var/www/kxxb/rrb/SYS/yii/framework/db/ar/CActiveRecord.php(388): CActiveRecordMetaData->__construct(Object(RrbZooElemetns))
#1 /var/www/kxxb/rrb/SYS/yii/framework/db/ar/CActiveRecord.php(403): CActiveRecord::model('RrbZooElemetns')
#2 /var/www/kxxb/rrb/SYS/yii/framework/db/ar/CActiveRecord.php(78): CActiveRecord->getMetaData()
#3 /var/www/kxxb/rrb/rrb_yii/protected/controllers/RrbZooElemetnsController.php(136): CActiveRecord->__construct('search')
#4 /var/www/kxxb/rrb/SYS/yii/framework/web/actions/CInlineAction.php(50): RrbZooElemetnsController->actionAdmin()
#5 /var/www/kxxb/rrb/SYS/yii/framework/web/CController.php(309): CInlineAction->runWithParams(Array)
#6 /var/www/kxxb/rrb/SYS/yii/framework/web/filters/CFilterChain.php(134): CController->runAction(Object(CInlineAction))
#7 /var/www/kxxb/rrb/SYS/yii/framework/web/filters/CFilter.php(41): CFilterChain->run()
#8 /var/www/kxxb/rrb/SYS/yii/framework/web/CController.php(1146): CFilter->filter(Object(CFilterChain))
#9 /var/www/kxxb/rrb/SYS/yii/framework/web/filters/CInlineFilter.php(59): CController->filterAccessControl(Object(CFilterChain))
#10 /var/www/kxxb/rrb/SYS/yii/framework/web/filters/CFilterChain.php(131): CInlineFilter->filter(Object(CFilterChain))
#11 /var/www/kxxb/rrb/SYS/yii/framework/web/CController.php(292): CFilterChain->run()
#12 /var/www/kxxb/rrb/SYS/yii/framework/web/CController.php(266): CController->runActionWithFilters(Object(CInlineAction), Array)
#13 /var/www/kxxb/rrb/SYS/yii/framework/web/CWebApplication.php(283): CController->run('admin')
#14 /var/www/kxxb/rrb/SYS/yii/framework/web/CWebApplication.php(142): CWebApplication->runController('rrbZooElemetns/...')
#15 /var/www/kxxb/rrb/SYS/yii/framework/base/CApplication.php(162): CWebApplication->processRequest()
#16 /var/www/kxxb/rrb/rrb_yii/index.php(13): CApplication->run()
#17 {main}
REQUEST_URI=/rrb_yii/index.php?r=rrbZooElemetns/admin
HTTP_REFERER=http://rrb.bestmakers.ru/rrb_yii/index.php?r=site/login
---
